[2025-06-10 02:11:50] Saldos dos usuários atualizados para 15 milhões.
[2025-06-10 02:11:50] Notificações limpas.
[2025-06-10 02:11:50] Transações limpas.
[2025-06-10 02:11:50] Jogadores removidos da partida.
[2025-06-10 02:11:50] Objetivos removidos da partida.
[2025-06-10 02:11:50] Abandonos resetados.
[2025-06-10 02:11:50] Processando poupança: poupancaId=4, userId=13, valorSaque=75793367992.08
[2025-06-10 02:11:50] Entrada 'sacada' encontrada para userId=13. Atualizando poupancaId=3 com novo valor=75800688492.08
[2025-06-10 02:11:50] Poupanças resetadas com sucesso.
[2025-06-10 02:11:50] Reset concluído com sucesso.
[2025-06-10 02:11:58] Saldos dos usuários atualizados para 15 milhões.
[2025-06-10 02:11:58] Notificações limpas.
[2025-06-10 02:11:58] Transações limpas.
[2025-06-10 02:11:58] Jogadores removidos da partida.
[2025-06-10 02:11:58] Objetivos removidos da partida.
[2025-06-10 02:11:58] Abandonos resetados.
[2025-06-10 02:11:58] Poupanças resetadas com sucesso.
[2025-06-10 02:11:58] Reset concluído com sucesso.
[2025-06-10 02:25:40] Saldos dos usuários atualizados para 15 milhões.
[2025-06-10 02:25:40] Notificações limpas.
[2025-06-10 02:25:40] Transações limpas.
[2025-06-10 02:25:40] Jogadores removidos da partida.
[2025-06-10 02:25:40] Objetivos removidos da partida.
[2025-06-10 02:25:40] Abandonos resetados.
[2025-06-10 02:25:40] Processando poupança: poupancaId=5, userId=13, valorSaque=5500000
[2025-06-10 02:25:40] Entrada 'sacada' encontrada para userId=13. Atualizando poupancaId=3 com novo valor=75806188492.08
[2025-06-10 02:25:40] Erro durante o reset: Duplicate entry '13-penalizada' for key 'user_id_active'
[2025-06-10 02:25:45] Saldos dos usuários atualizados para 15 milhões.
[2025-06-10 02:25:45] Notificações limpas.
[2025-06-10 02:25:45] Transações limpas.
[2025-06-10 02:25:45] Jogadores removidos da partida.
[2025-06-10 02:25:45] Objetivos removidos da partida.
[2025-06-10 02:25:45] Abandonos resetados.
[2025-06-10 02:25:45] Processando poupança: poupancaId=5, userId=13, valorSaque=5500000
[2025-06-10 02:25:45] Entrada 'sacada' encontrada para userId=13. Atualizando poupancaId=3 com novo valor=75806188492.08
[2025-06-10 02:25:45] Erro durante o reset: Duplicate entry '13-penalizada' for key 'user_id_active'
[2025-06-10 02:25:47] Saldos dos usuários atualizados para 15 milhões.
[2025-06-10 02:25:47] Notificações limpas.
[2025-06-10 02:25:47] Transações limpas.
[2025-06-10 02:25:47] Jogadores removidos da partida.
[2025-06-10 02:25:47] Objetivos removidos da partida.
[2025-06-10 02:25:47] Abandonos resetados.
[2025-06-10 02:25:47] Processando poupança: poupancaId=5, userId=13, valorSaque=5500000
[2025-06-10 02:25:47] Entrada 'sacada' encontrada para userId=13. Atualizando poupancaId=3 com novo valor=75806188492.08
[2025-06-10 02:25:47] Erro durante o reset: Duplicate entry '13-penalizada' for key 'user_id_active'
[2025-06-10 02:28:00] Saldos dos usuários atualizados para 15 milhões.
[2025-06-10 02:28:00] Notificações limpas.
[2025-06-10 02:28:00] Transações limpas.
[2025-06-10 02:28:00] Jogadores removidos da partida.
[2025-06-10 02:28:00] Objetivos removidos da partida.
[2025-06-10 02:28:00] Abandonos resetados.
[2025-06-10 02:28:00] Processando poupança para userId=10, total_valor=10000000
[2025-06-10 02:28:00] Erro durante o reset: Duplicate entry '10-sacada' for key 'user_id_active'
[2025-06-10 02:28:12] Saldos dos usuários atualizados para 15 milhões.
[2025-06-10 02:28:12] Notificações limpas.
[2025-06-10 02:28:12] Transações limpas.
[2025-06-10 02:28:12] Jogadores removidos da partida.
[2025-06-10 02:28:12] Objetivos removidos da partida.
[2025-06-10 02:28:12] Abandonos resetados.
[2025-06-10 02:28:12] Processando poupança para userId=10, total_valor=10000000
[2025-06-10 02:28:12] Erro durante o reset: Duplicate entry '10-sacada' for key 'user_id_active'
[2025-06-10 02:28:15] Saldos dos usuários atualizados para 15 milhões.
[2025-06-10 02:28:15] Notificações limpas.
[2025-06-10 02:28:15] Transações limpas.
[2025-06-10 02:28:15] Jogadores removidos da partida.
[2025-06-10 02:28:15] Objetivos removidos da partida.
[2025-06-10 02:28:15] Abandonos resetados.
[2025-06-10 02:28:15] Processando poupança para userId=10, total_valor=10000000
[2025-06-10 02:28:15] Erro durante o reset: Duplicate entry '10-sacada' for key 'user_id_active'
[2025-06-10 02:31:43] Saldos dos usuários atualizados para 15 milhões.
[2025-06-10 02:31:43] Notificações limpas.
[2025-06-10 02:31:43] Transações limpas.
[2025-06-10 02:31:43] Jogadores removidos da partida.
[2025-06-10 02:31:43] Objetivos removidos da partida.
[2025-06-10 02:31:43] Abandonos resetados.
[2025-06-10 02:31:43] Processando poupança para userId=10, total_valor=10000000
[2025-06-10 02:31:43] Erro durante o reset: Duplicate entry '10-sacada' for key 'user_id_active'
[2025-06-10 02:31:54] Saldos dos usuários atualizados para 15 milhões.
[2025-06-10 02:31:54] Notificações limpas.
[2025-06-10 02:31:54] Transações limpas.
[2025-06-10 02:31:54] Jogadores removidos da partida.
[2025-06-10 02:31:54] Objetivos removidos da partida.
[2025-06-10 02:31:54] Abandonos resetados.
[2025-06-10 02:31:54] Processando poupança para userId=10, total_valor=10000000
[2025-06-10 02:31:54] Erro durante o reset: Duplicate entry '10-sacada' for key 'user_id_active'
[2025-06-10 02:47:34] Saldos dos usuários atualizados para 15 milhões.

[2025-06-10 02:47:34] Notificações limpas.

[2025-06-10 02:47:34] Transações limpas.

[2025-06-10 02:47:34] Jogadores removidos da partida.

[2025-06-10 02:47:34] Objetivos removidos da partida.

[2025-06-10 02:47:34] Abandonos resetados.

[2025-06-10 02:47:34] Poupanças resetadas com sucesso.

[2025-06-10 02:47:34] Erro durante o reset: Unknown column 'objetivo_id' in 'where clause'

[2025-06-10 02:48:10] Saldos dos usuários atualizados para 15 milhões.

[2025-06-10 02:48:10] Notificações limpas.

[2025-06-10 02:48:10] Transações limpas.

[2025-06-10 02:48:10] Jogadores removidos da partida.

[2025-06-10 02:48:10] Objetivos removidos da partida.

[2025-06-10 02:48:10] Abandonos resetados.

[2025-06-10 02:48:10] Poupanças resetadas com sucesso.

[2025-06-10 02:48:10] Erro durante o reset: Duplicate entry '0' for key 'PRIMARY'

[2025-06-10 02:48:27] Saldos dos usuários atualizados para 15 milhões.

[2025-06-10 02:48:27] Notificações limpas.

[2025-06-10 02:48:27] Transações limpas.

[2025-06-10 02:48:27] Jogadores removidos da partida.

[2025-06-10 02:48:27] Objetivos removidos da partida.

[2025-06-10 02:48:27] Abandonos resetados.

[2025-06-10 02:48:27] Poupanças resetadas com sucesso.

[2025-06-10 02:48:27] Objetivos atribuídos resetados.

[2025-06-10 02:48:27] Ícones resetados.

[2025-06-10 02:48:27] Último tempo de recompensa resetado.

[2025-06-10 02:48:27] Reset concluído com sucesso.

[2025-06-10 02:48:38] Saldos dos usuários atualizados para 15 milhões.

[2025-06-10 02:48:38] Notificações limpas.

[2025-06-10 02:48:38] Transações limpas.

[2025-06-10 02:48:38] Jogadores removidos da partida.

[2025-06-10 02:48:38] Objetivos removidos da partida.

[2025-06-10 02:48:38] Abandonos resetados.

[2025-06-10 02:48:38] Poupanças resetadas com sucesso.

[2025-06-10 02:48:38] Objetivos atribuídos resetados.

[2025-06-10 02:48:38] Ícones resetados.

[2025-06-10 02:48:38] Último tempo de recompensa resetado.

[2025-06-10 02:48:38] Reset concluído com sucesso.

[2025-06-10 02:48:44] Saldos dos usuários atualizados para 15 milhões.

[2025-06-10 02:48:44] Notificações limpas.

[2025-06-10 02:48:44] Transações limpas.

[2025-06-10 02:48:44] Jogadores removidos da partida.

[2025-06-10 02:48:44] Objetivos removidos da partida.

[2025-06-10 02:48:44] Abandonos resetados.

[2025-06-10 02:48:44] Poupanças resetadas com sucesso.

[2025-06-10 02:48:44] Objetivos atribuídos resetados.

[2025-06-10 02:48:44] Ícones resetados.

[2025-06-10 02:48:44] Último tempo de recompensa resetado.

[2025-06-10 02:48:44] Reset concluído com sucesso.

[2025-06-10 02:48:56] Saldos dos usuários atualizados para 15 milhões.

[2025-06-10 02:48:56] Notificações limpas.

[2025-06-10 02:48:56] Transações limpas.

[2025-06-10 02:48:56] Jogadores removidos da partida.

[2025-06-10 02:48:56] Objetivos removidos da partida.

[2025-06-10 02:48:56] Abandonos resetados.

[2025-06-10 02:48:56] Poupanças resetadas com sucesso.

[2025-06-10 02:48:56] Objetivos atribuídos resetados.

[2025-06-10 02:48:56] Ícones resetados.

[2025-06-10 02:48:56] Último tempo de recompensa resetado.

[2025-06-10 02:48:56] Reset concluído com sucesso.

[2025-06-10 02:49:08] Saldos dos usuários atualizados para 15 milhões.

[2025-06-10 02:49:08] Notificações limpas.

[2025-06-10 02:49:08] Transações limpas.

[2025-06-10 02:49:08] Jogadores removidos da partida.

[2025-06-10 02:49:08] Objetivos removidos da partida.

[2025-06-10 02:49:08] Abandonos resetados.

[2025-06-10 02:49:08] Poupanças resetadas com sucesso.

[2025-06-10 02:49:08] Objetivos atribuídos resetados.

[2025-06-10 02:49:08] Ícones resetados.

[2025-06-10 02:49:08] Último tempo de recompensa resetado.

[2025-06-10 02:49:08] Reset concluído com sucesso.

[2025-06-10 03:02:16] Saldos dos usuários atualizados para 15 milhões.

[2025-06-10 03:02:16] Notificações limpas.

[2025-06-10 03:02:16] Transações limpas.

[2025-06-10 03:02:16] Jogadores removidos da partida.

[2025-06-10 03:02:16] Objetivos removidos da partida.

[2025-06-10 03:02:16] Abandonos resetados.

[2025-06-10 03:02:16] Poupanças resetadas com sucesso.

[2025-06-10 03:02:16] Objetivos atribuídos resetados.

[2025-06-10 03:02:16] Ícones resetados.

[2025-06-10 03:02:16] Último tempo de recompensa resetado.

[2025-06-10 03:02:16] Reset concluído com sucesso.

[2025-06-10 03:06:15] Saldos dos usuários atualizados para 15 milhões.

[2025-06-10 03:06:15] Notificações limpas.

[2025-06-10 03:06:15] Transações limpas.

[2025-06-10 03:06:15] Jogadores removidos da partida.

[2025-06-10 03:06:15] Objetivos removidos da partida.

[2025-06-10 03:06:15] Abandonos resetados.

[2025-06-10 03:06:15] Poupanças resetadas com sucesso.

[2025-06-10 03:06:15] Objetivos atribuídos resetados.

[2025-06-10 03:06:15] Ícones resetados.

[2025-06-10 03:06:15] Último tempo de recompensa resetado.

[2025-06-10 03:06:15] Reset concluído com sucesso.

[2025-06-10 03:09:06] Notificações limpas.

[2025-06-10 03:09:06] Transações limpas.

[2025-06-10 03:09:06] Jogadores removidos da partida.

[2025-06-10 03:09:06] Objetivos removidos da partida.

[2025-06-10 03:09:06] Abandonos resetados.

[2025-06-10 03:09:06] Saldos dos usuários sem poupanças ativas atualizados para 15 milhões.

[2025-06-10 03:09:06] Poupanças resetadas com sucesso.

[2025-06-10 03:09:06] Objetivos atribuídos resetados.

[2025-06-10 03:09:06] Ícones resetados.

[2025-06-10 03:09:06] Último tempo de recompensa resetado.

[2025-06-10 03:09:06] Reset concluído com sucesso.

[2025-06-10 03:13:19] Notificações limpas.

[2025-06-10 03:13:19] Transações limpas.

[2025-06-10 03:13:19] Jogadores removidos da partida.

[2025-06-10 03:13:19] Objetivos removidos da partida.

[2025-06-10 03:13:19] Abandonos resetados.

[2025-06-10 03:13:19] Saldos dos usuários sem poupanças ativas atualizados para 15 milhões.

[2025-06-10 03:13:19] Poupanças resetadas com sucesso.

[2025-06-10 03:13:19] Objetivos atribuídos resetados.

[2025-06-10 03:13:19] Ícones resetados.

[2025-06-10 03:13:19] Último tempo de recompensa resetado.

[2025-06-10 03:13:19] Reset concluído com sucesso.

[2025-06-10 03:13:25] Notificações limpas.

[2025-06-10 03:13:25] Transações limpas.

[2025-06-10 03:13:25] Jogadores removidos da partida.

[2025-06-10 03:13:25] Objetivos removidos da partida.

[2025-06-10 03:13:25] Abandonos resetados.

[2025-06-10 03:13:25] Saldos dos usuários sem poupanças ativas atualizados para 15 milhões.

[2025-06-10 03:13:25] Poupanças resetadas com sucesso.

[2025-06-10 03:13:25] Objetivos atribuídos resetados.

[2025-06-10 03:13:25] Ícones resetados.

[2025-06-10 03:13:25] Último tempo de recompensa resetado.

[2025-06-10 03:13:25] Reset concluído com sucesso.

[2025-06-10 03:13:26] Notificações limpas.

[2025-06-10 03:13:26] Transações limpas.

[2025-06-10 03:13:26] Jogadores removidos da partida.

[2025-06-10 03:13:26] Objetivos removidos da partida.

[2025-06-10 03:13:26] Abandonos resetados.

[2025-06-10 03:13:26] Saldos dos usuários sem poupanças ativas atualizados para 15 milhões.

[2025-06-10 03:13:26] Poupanças resetadas com sucesso.

[2025-06-10 03:13:26] Objetivos atribuídos resetados.

[2025-06-10 03:13:26] Ícones resetados.

[2025-06-10 03:13:26] Último tempo de recompensa resetado.

[2025-06-10 03:13:26] Reset concluído com sucesso.

[2025-06-10 03:13:27] Notificações limpas.

[2025-06-10 03:13:27] Transações limpas.

[2025-06-10 03:13:27] Jogadores removidos da partida.

[2025-06-10 03:13:27] Objetivos removidos da partida.

[2025-06-10 03:13:27] Abandonos resetados.

[2025-06-10 03:13:27] Saldos dos usuários sem poupanças ativas atualizados para 15 milhões.

[2025-06-10 03:13:27] Poupanças resetadas com sucesso.

[2025-06-10 03:13:27] Objetivos atribuídos resetados.

[2025-06-10 03:13:27] Ícones resetados.

[2025-06-10 03:13:27] Último tempo de recompensa resetado.

[2025-06-10 03:13:27] Reset concluído com sucesso.

[2025-06-10 03:13:27] Notificações limpas.

[2025-06-10 03:13:27] Transações limpas.

[2025-06-10 03:13:27] Jogadores removidos da partida.

[2025-06-10 03:13:27] Objetivos removidos da partida.

[2025-06-10 03:13:27] Abandonos resetados.

[2025-06-10 03:13:27] Saldos dos usuários sem poupanças ativas atualizados para 15 milhões.

[2025-06-10 03:13:27] Poupanças resetadas com sucesso.

[2025-06-10 03:13:27] Objetivos atribuídos resetados.

[2025-06-10 03:13:27] Ícones resetados.

[2025-06-10 03:13:27] Último tempo de recompensa resetado.

[2025-06-10 03:13:27] Reset concluído com sucesso.

[2025-06-10 03:13:27] Notificações limpas.

[2025-06-10 03:13:27] Transações limpas.

[2025-06-10 03:13:27] Jogadores removidos da partida.

[2025-06-10 03:13:27] Objetivos removidos da partida.

[2025-06-10 03:13:27] Abandonos resetados.

[2025-06-10 03:13:27] Saldos dos usuários sem poupanças ativas atualizados para 15 milhões.

[2025-06-10 03:13:27] Poupanças resetadas com sucesso.

[2025-06-10 03:13:27] Objetivos atribuídos resetados.

[2025-06-10 03:13:27] Ícones resetados.

[2025-06-10 03:13:27] Último tempo de recompensa resetado.

[2025-06-10 03:13:27] Reset concluído com sucesso.

[2025-06-10 03:13:27] Notificações limpas.

[2025-06-10 03:13:27] Transações limpas.

[2025-06-10 03:13:27] Jogadores removidos da partida.

[2025-06-10 03:13:27] Objetivos removidos da partida.

[2025-06-10 03:13:27] Abandonos resetados.

[2025-06-10 03:13:27] Saldos dos usuários sem poupanças ativas atualizados para 15 milhões.

[2025-06-10 03:13:27] Poupanças resetadas com sucesso.

[2025-06-10 03:13:27] Objetivos atribuídos resetados.

[2025-06-10 03:13:27] Ícones resetados.

[2025-06-10 03:13:27] Último tempo de recompensa resetado.

[2025-06-10 03:13:27] Reset concluído com sucesso.

[2025-06-10 03:13:28] Notificações limpas.

[2025-06-10 03:13:28] Transações limpas.

[2025-06-10 03:13:28] Jogadores removidos da partida.

[2025-06-10 03:13:28] Objetivos removidos da partida.

[2025-06-10 03:13:28] Abandonos resetados.

[2025-06-10 03:13:28] Saldos dos usuários sem poupanças ativas atualizados para 15 milhões.

[2025-06-10 03:13:28] Poupanças resetadas com sucesso.

[2025-06-10 03:13:28] Objetivos atribuídos resetados.

[2025-06-10 03:13:28] Ícones resetados.

[2025-06-10 03:13:28] Último tempo de recompensa resetado.

[2025-06-10 03:13:28] Reset concluído com sucesso.

